TN:
SF:D:\comp531\hw5\src\actions.js
FN:0,_interopRequireDefault
FN:0,_toConsumableArray
FN:24,resource
FN:34,(anonymous_4)
FN:42,errorMsg
FN:46,successMsg
FN:50,sortArticle
FN:52,(anonymous_8)
FN:62,filterArticle
FN:66,(anonymous_10)
FN:71,followersArticle
FN:74,(anonymous_12)
FNF:12
FNH:6
FNDA:2,_interopRequireDefault
FNDA:0,_toConsumableArray
FNDA:13,resource
FNDA:4,(anonymous_4)
FNDA:1,errorMsg
FNDA:1,successMsg
FNDA:0,sortArticle
FNDA:0,(anonymous_8)
FNDA:0,filterArticle
FNDA:0,(anonymous_10)
FNDA:0,followersArticle
FNDA:0,(anonymous_12)
DA:0,2
DA:1,1
DA:2,1
DA:4,1
DA:5,1
DA:6,1
DA:7,1
DA:8,1
DA:9,1
DA:10,1
DA:11,1
DA:12,1
DA:13,1
DA:14,1
DA:15,1
DA:16,1
DA:17,1
DA:18,1
DA:19,1
DA:20,1
DA:21,1
DA:22,1
DA:23,1
DA:24,1
DA:25,13
DA:32,13
DA:33,13
DA:35,4
DA:36,3
DA:38,1
DA:42,1
DA:43,1
DA:46,1
DA:47,1
DA:50,1
DA:51,0
DA:52,0
DA:53,0
DA:54,0
DA:55,0
DA:58,0
DA:62,1
DA:63,0
DA:64,0
DA:66,0
DA:67,0
DA:71,1
DA:72,0
DA:73,0
DA:74,0
DA:75,0
DA:77,0
DA:79,0
LF:53
LH:37
BRDA:0,1,0,0
BRDA:0,1,1,2
BRDA:0,2,0,2
BRDA:0,2,1,2
BRDA:0,3,0,0
BRDA:0,3,1,0
BRDA:32,4,0,5
BRDA:32,4,1,8
BRDA:35,5,0,3
BRDA:35,5,1,1
BRDA:36,6,0,3
BRDA:36,6,1,0
BRDA:51,7,0,0
BRDA:51,7,1,0
BRDA:55,8,0,0
BRDA:55,8,1,0
BRDA:55,9,0,0
BRDA:55,9,1,0
BRDA:63,10,0,0
BRDA:63,10,1,0
BRDA:66,11,0,0
BRDA:66,11,1,0
BRDA:72,12,0,0
BRDA:72,12,1,0
BRF:24
BRH:11
end_of_record
TN:
SF:D:\comp531\hw5\src\actions.spec.js
FN:0,_interopRequireDefault
FN:6,(anonymous_2)
FN:8,(anonymous_3)
FN:16,(anonymous_4)
FN:23,(anonymous_5)
FN:29,(anonymous_6)
FN:36,(anonymous_7)
FN:44,(anonymous_8)
FN:51,(anonymous_9)
FN:58,(anonymous_10)
FN:65,(anonymous_11)
FN:74,(anonymous_12)
FN:83,(anonymous_13)
FNF:13
FNH:13
FNDA:2,_interopRequireDefault
FNDA:1,(anonymous_2)
FNDA:6,(anonymous_3)
FNDA:6,(anonymous_4)
FNDA:1,(anonymous_5)
FNDA:1,(anonymous_6)
FNDA:1,(anonymous_7)
FNDA:1,(anonymous_8)
FNDA:1,(anonymous_9)
FNDA:1,(anonymous_10)
FNDA:1,(anonymous_11)
FNDA:1,(anonymous_12)
FNDA:1,(anonymous_13)
DA:0,2
DA:1,1
DA:2,1
DA:3,1
DA:4,1
DA:6,1
DA:7,1
DA:8,1
DA:9,6
DA:10,0
DA:11,0
DA:12,0
DA:14,6
DA:16,1
DA:17,6
DA:18,0
DA:19,0
DA:23,1
DA:24,1
DA:29,1
DA:30,1
DA:36,1
DA:37,1
DA:38,1
DA:39,1
DA:44,1
DA:45,1
DA:51,1
DA:52,1
DA:53,1
DA:58,1
DA:59,1
DA:65,1
DA:66,1
DA:67,1
DA:71,1
DA:74,1
DA:75,1
DA:76,1
DA:80,1
DA:83,1
DA:84,1
DA:85,1
DA:86,1
LF:44
LH:39
BRDA:0,1,0,0
BRDA:0,1,1,2
BRDA:0,2,0,2
BRDA:0,2,1,2
BRDA:9,3,0,0
BRDA:9,3,1,6
BRDA:17,4,0,0
BRDA:17,4,1,6
BRF:8
BRH:6
end_of_record
TN:
SF:D:\comp531\hw5\src\components\main\mainActions.js
FN:2,navLanding
FN:8,navProfile
FN:14,navMain
FN:20,updateHeadline
FN:21,(anonymous_5)
FN:22,(anonymous_6)
FNF:6
FNH:5
FNDA:1,navLanding
FNDA:1,navProfile
FNDA:1,navMain
FNDA:1,updateHeadline
FNDA:1,(anonymous_5)
FNDA:0,(anonymous_6)
DA:0,1
DA:1,1
DA:2,1
DA:3,1
DA:8,1
DA:9,1
DA:14,1
DA:15,1
DA:20,1
DA:21,1
DA:22,1
DA:23,0
LF:12
LH:11
BRF:0
BRH:0
end_of_record
TN:
SF:D:\comp531\hw5\src\components\app.js
FN:0,_interopRequireDefault
FN:6,App
FN:24,(anonymous_3)
FNF:3
FNH:1
FNDA:4,_interopRequireDefault
FNDA:0,App
FNDA:0,(anonymous_3)
DA:0,4
DA:1,1
DA:2,1
DA:3,1
DA:4,1
DA:5,1
DA:6,1
DA:8,0
DA:9,0
DA:10,0
DA:12,0
DA:13,0
DA:15,0
DA:18,0
DA:24,1
DA:25,0
LF:16
LH:8
BRDA:0,1,0,3
BRDA:0,1,1,1
BRDA:0,2,0,4
BRDA:0,2,1,4
BRDA:9,3,0,0
BRDA:9,3,1,0
BRDA:12,4,0,0
BRDA:12,4,1,0
BRF:8
BRH:4
end_of_record
TN:
SF:D:\comp531\hw5\src\components\auth\landing.js
FN:0,_interopRequireDefault
FN:7,Landing
FN:21,(anonymous_3)
FNF:3
FNH:1
FNDA:3,_interopRequireDefault
FNDA:0,Landing
FNDA:0,(anonymous_3)
DA:0,3
DA:1,1
DA:2,1
DA:3,1
DA:4,1
DA:5,1
DA:7,1
DA:8,0
DA:9,0
DA:10,0
DA:12,0
DA:15,0
DA:21,1
DA:22,0
LF:14
LH:8
BRDA:0,1,0,2
BRDA:0,1,1,1
BRDA:0,2,0,3
BRDA:0,2,1,3
BRDA:9,3,0,0
BRDA:9,3,1,0
BRF:6
BRH:4
end_of_record
TN:
SF:D:\comp531\hw5\src\components\auth\register.js
FN:0,_interopRequireDefault
FN:5,SignUp
FN:15,_submit
FN:47,ref
FN:50,ref
FN:53,ref
FN:56,ref
FN:59,ref
FN:62,ref
FN:65,ref
FN:88,(anonymous_11)
FN:89,(anonymous_12)
FN:89,submit
FN:90,clear
FN:91,navToSignIn
FNF:15
FNH:1
FNDA:1,_interopRequireDefault
FNDA:0,SignUp
FNDA:0,_submit
FNDA:0,ref
FNDA:0,ref
FNDA:0,ref
FNDA:0,ref
FNDA:0,ref
FNDA:0,ref
FNDA:0,ref
FNDA:0,(anonymous_11)
FNDA:0,(anonymous_12)
FNDA:0,submit
FNDA:0,clear
FNDA:0,navToSignIn
DA:0,1
DA:1,1
DA:2,1
DA:3,1
DA:5,1
DA:6,0
DA:7,0
DA:8,0
DA:9,0
DA:10,0
DA:11,0
DA:12,0
DA:13,0
DA:14,0
DA:15,0
DA:17,0
DA:29,0
DA:30,0
DA:34,0
DA:39,0
DA:47,0
DA:50,0
DA:53,0
DA:56,0
DA:59,0
DA:62,0
DA:65,0
DA:80,1
DA:87,1
DA:88,0
DA:89,0
DA:90,0
DA:91,0
LF:33
LH:7
BRDA:0,1,0,0
BRDA:0,1,1,1
BRDA:0,2,0,1
BRDA:0,2,1,1
BRDA:18,3,0,0
BRDA:18,3,1,0
BRDA:19,4,0,0
BRDA:19,4,1,0
BRDA:20,5,0,0
BRDA:20,5,1,0
BRDA:21,6,0,0
BRDA:21,6,1,0
BRDA:22,7,0,0
BRDA:22,7,1,0
BRDA:23,8,0,0
BRDA:23,8,1,0
BRDA:24,9,0,0
BRDA:24,9,1,0
BRDA:29,10,0,0
BRDA:29,10,1,0
BRF:20
BRH:4
end_of_record
TN:
SF:D:\comp531\hw5\src\components\auth\authActions.js
FN:8,clearErr
FN:14,navSignIn
FN:20,navSignUp
FN:26,logout
FN:27,(anonymous_5)
FN:28,(anonymous_6)
FN:36,handleLogin
FN:40,(anonymous_8)
FN:42,(anonymous_9)
FN:47,(anonymous_10)
FN:56,login
FN:57,(anonymous_12)
FN:59,(anonymous_13)
FN:61,(anonymous_14)
FN:70,handleSubmit
FN:78,(anonymous_16)
FN:81,(anonymous_17)
FN:91,handleNameChange
FN:102,handleEmailChange
FN:113,handlePhoneChange
FN:124,handleZipChange
FN:135,handleBirthDateChange
FN:162,handleConfirmPasswordChange
FN:169,isValid
FNF:24
FNH:4
FNDA:0,clearErr
FNDA:0,navSignIn
FNDA:0,navSignUp
FNDA:1,logout
FNDA:1,(anonymous_5)
FNDA:0,(anonymous_6)
FNDA:0,handleLogin
FNDA:0,(anonymous_8)
FNDA:0,(anonymous_9)
FNDA:0,(anonymous_10)
FNDA:2,login
FNDA:2,(anonymous_12)
FNDA:0,(anonymous_13)
FNDA:0,(anonymous_14)
FNDA:0,handleSubmit
FNDA:0,(anonymous_16)
FNDA:0,(anonymous_17)
FNDA:0,handleNameChange
FNDA:0,handleEmailChange
FNDA:0,handlePhoneChange
FNDA:0,handleZipChange
FNDA:0,handleBirthDateChange
FNDA:0,handleConfirmPasswordChange
FNDA:0,isValid
DA:0,1
DA:1,1
DA:2,1
DA:3,1
DA:4,1
DA:5,1
DA:6,1
DA:8,1
DA:9,0
DA:14,1
DA:15,0
DA:20,1
DA:21,0
DA:26,1
DA:27,1
DA:29,0
DA:36,1
DA:37,0
DA:38,0
DA:40,0
DA:41,0
DA:43,0
DA:44,0
DA:45,0
DA:46,0
DA:48,0
DA:56,1
DA:57,2
DA:58,2
DA:60,0
DA:62,0
DA:70,1
DA:71,0
DA:72,0
DA:73,0
DA:74,0
DA:75,0
DA:76,0
DA:77,0
DA:78,0
DA:79,0
DA:80,0
DA:81,0
DA:82,0
DA:85,0
DA:91,1
DA:92,0
DA:93,0
DA:94,0
DA:97,0
DA:98,0
DA:99,0
DA:102,1
DA:103,0
DA:104,0
DA:105,0
DA:108,0
DA:109,0
DA:110,0
DA:113,1
DA:114,0
DA:115,0
DA:116,0
DA:119,0
DA:120,0
DA:121,0
DA:124,1
DA:125,0
DA:126,0
DA:127,0
DA:130,0
DA:131,0
DA:132,0
DA:135,1
DA:136,0
DA:137,0
DA:138,0
DA:141,0
DA:142,0
DA:143,0
DA:144,0
DA:145,0
DA:146,0
DA:147,0
DA:148,0
DA:149,0
DA:150,0
DA:151,0
DA:152,0
DA:155,0
DA:156,0
DA:157,0
DA:162,1
DA:163,0
DA:164,0
DA:165,0
DA:169,1
DA:170,0
DA:171,0
DA:172,0
LF:100
LH:24
BRDA:79,1,0,0
BRDA:79,1,1,0
BRDA:92,2,0,0
BRDA:92,2,1,0
BRDA:103,3,0,0
BRDA:103,3,1,0
BRDA:114,4,0,0
BRDA:114,4,1,0
BRDA:125,5,0,0
BRDA:125,5,1,0
BRDA:136,6,0,0
BRDA:136,6,1,0
BRDA:149,7,0,0
BRDA:149,7,1,0
BRDA:150,8,0,0
BRDA:150,8,1,0
BRDA:150,9,0,0
BRDA:150,9,1,0
BRDA:150,9,2,0
BRDA:155,10,0,0
BRDA:155,10,1,0
BRDA:163,11,0,0
BRDA:163,11,1,0
BRDA:170,12,0,0
BRDA:170,12,1,0
BRDA:170,13,0,0
BRDA:170,13,1,0
BRF:27
BRH:0
end_of_record
TN:
SF:D:\comp531\hw5\src\components\article\articleActions.js
FN:3,searchKeyword
FN:13,addArticle
FN:14,(anonymous_3)
FN:14,(anonymous_4)
FN:26,fetchArticle
FN:27,(anonymous_6)
FN:28,(anonymous_7)
FN:29,(anonymous_8)
FNF:8
FNH:5
FNDA:1,searchKeyword
FNDA:0,addArticle
FNDA:0,(anonymous_3)
FNDA:0,(anonymous_4)
FNDA:1,fetchArticle
FNDA:1,(anonymous_6)
FNDA:1,(anonymous_7)
FNDA:1,(anonymous_8)
DA:0,1
DA:1,1
DA:3,1
DA:5,1
DA:6,1
DA:13,1
DA:14,0
DA:15,0
DA:16,0
DA:17,0
DA:18,0
DA:26,1
DA:27,1
DA:28,1
DA:29,1
DA:30,1
DA:31,1
DA:32,1
DA:34,1
LF:19
LH:14
BRDA:5,1,0,1
BRDA:5,1,1,0
BRDA:32,2,0,0
BRDA:32,2,1,1
BRDA:32,3,0,1
BRDA:32,3,1,0
BRF:6
BRH:3
end_of_record
TN:
SF:D:\comp531\hw5\src\components\main\followingActions.js
FN:0,_interopRequireDefault
FN:0,_toConsumableArray
FN:4,removeFollower
FN:5,addFollower
FN:6,getFollower
FN:8,(anonymous_6)
FN:14,(anonymous_7)
FN:20,(anonymous_8)
FN:24,(anonymous_9)
FN:26,(anonymous_10)
FN:35,(anonymous_11)
FN:36,(anonymous_12)
FN:45,(anonymous_13)
FN:46,(anonymous_14)
FN:54,(anonymous_15)
FN:60,(anonymous_16)
FN:64,(anonymous_17)
FNF:17
FNH:2
FNDA:1,_interopRequireDefault
FNDA:0,_toConsumableArray
FNDA:0,removeFollower
FNDA:0,addFollower
FNDA:0,getFollower
FNDA:0,(anonymous_6)
FNDA:0,(anonymous_7)
FNDA:0,(anonymous_8)
FNDA:0,(anonymous_9)
FNDA:0,(anonymous_10)
FNDA:0,(anonymous_11)
FNDA:0,(anonymous_12)
FNDA:0,(anonymous_13)
FNDA:0,(anonymous_14)
FNDA:0,(anonymous_15)
FNDA:0,(anonymous_16)
FNDA:0,(anonymous_17)
DA:0,1
DA:1,1
DA:2,1
DA:4,1
DA:5,1
DA:6,1
DA:8,0
DA:9,0
DA:10,0
DA:13,0
DA:16,0
DA:17,0
DA:20,0
DA:21,0
DA:24,0
DA:25,0
DA:27,0
DA:28,0
DA:29,0
DA:34,0
DA:36,0
DA:37,0
DA:38,0
DA:39,0
DA:44,0
DA:46,0
DA:47,0
DA:48,0
DA:49,0
DA:54,0
DA:55,0
DA:56,0
DA:57,0
DA:58,0
DA:60,0
DA:65,0
LF:36
LH:6
BRDA:0,1,0,0
BRDA:0,1,1,1
BRDA:0,2,0,1
BRDA:0,2,1,1
BRDA:0,3,0,0
BRDA:0,3,1,0
BRDA:9,4,0,0
BRDA:9,4,1,0
BRDA:9,5,0,0
BRDA:9,5,1,0
BRDA:13,6,0,0
BRDA:13,6,1,0
BRDA:13,7,0,0
BRDA:13,7,1,0
BRDA:16,8,0,0
BRDA:16,8,1,0
BRDA:16,9,0,0
BRDA:16,9,1,0
BRDA:28,10,0,0
BRDA:28,10,1,0
BRDA:38,11,0,0
BRDA:38,11,1,0
BRDA:48,12,0,0
BRDA:48,12,1,0
BRDA:55,13,0,0
BRDA:55,13,1,0
BRDA:57,14,0,0
BRDA:57,14,1,0
BRF:28
BRH:6
end_of_record
TN:
SF:D:\comp531\hw5\src\components\profile\profileActions.js
FN:0,_interopRequireDefault
FN:18,clearErr
FN:24,fetchProfile
FN:27,(anonymous_4)
FN:31,(anonymous_5)
FN:34,(anonymous_6)
FN:37,(anonymous_7)
FN:40,(anonymous_8)
FN:44,(anonymous_9)
FN:45,(anonymous_10)
FN:48,updateProfile
FN:59,(anonymous_12)
FN:66,(anonymous_13)
FN:67,(anonymous_14)
FN:71,(anonymous_15)
FN:72,(anonymous_16)
FN:76,(anonymous_17)
FN:77,(anonymous_18)
FN:81,(anonymous_19)
FN:106,checkvalid
FNF:20
FNH:3
FNDA:1,_interopRequireDefault
FNDA:0,clearErr
FNDA:1,fetchProfile
FNDA:0,(anonymous_4)
FNDA:0,(anonymous_5)
FNDA:0,(anonymous_6)
FNDA:0,(anonymous_7)
FNDA:0,(anonymous_8)
FNDA:1,(anonymous_9)
FNDA:0,(anonymous_10)
FNDA:0,updateProfile
FNDA:0,(anonymous_12)
FNDA:0,(anonymous_13)
FNDA:0,(anonymous_14)
FNDA:0,(anonymous_15)
FNDA:0,(anonymous_16)
FNDA:0,(anonymous_17)
FNDA:0,(anonymous_18)
FNDA:0,(anonymous_19)
FNDA:0,checkvalid
DA:0,1
DA:1,1
DA:2,1
DA:3,1
DA:5,1
DA:8,1
DA:9,1
DA:10,1
DA:11,1
DA:14,1
DA:15,1
DA:17,1
DA:18,1
DA:19,0
DA:24,1
DA:26,1
DA:27,1
DA:28,0
DA:31,1
DA:32,0
DA:34,1
DA:35,0
DA:37,1
DA:38,0
DA:40,1
DA:41,0
DA:44,1
DA:45,0
DA:48,1
DA:51,0
DA:52,0
DA:53,0
DA:55,0
DA:56,0
DA:57,0
DA:58,0
DA:59,0
DA:60,0
DA:61,0
DA:62,0
DA:63,0
DA:65,0
DA:66,0
DA:68,0
DA:70,0
DA:71,0
DA:73,0
DA:75,0
DA:78,0
DA:80,0
DA:82,0
DA:83,0
DA:89,0
DA:90,0
DA:98,0
DA:106,1
DA:107,0
DA:108,0
DA:109,0
DA:110,0
DA:113,0
DA:114,0
DA:115,0
DA:116,0
LF:64
LH:23
BRDA:0,1,0,0
BRDA:0,1,1,1
BRDA:0,2,0,1
BRDA:0,2,1,1
BRDA:61,3,0,0
BRDA:61,3,1,0
BRDA:82,4,0,0
BRDA:82,4,1,0
BRDA:107,5,0,0
BRDA:107,5,1,0
BRDA:108,6,0,0
BRDA:108,6,1,0
BRDA:108,7,0,0
BRDA:108,7,1,0
BRDA:114,8,0,0
BRDA:114,8,1,0
BRDA:114,9,0,0
BRDA:114,9,1,0
BRF:18
BRH:4
end_of_record
TN:
SF:D:\comp531\hw5\src\components\auth\login.js
FN:0,_interopRequireDefault
FN:6,SignIn
FN:11,_login
FN:41,ref
FN:44,ref
FN:66,(anonymous_6)
FN:68,(anonymous_7)
FN:68,login
FN:69,navToSignUp
FN:69,clear
FNF:10
FNH:1
FNDA:1,_interopRequireDefault
FNDA:0,SignIn
FNDA:0,_login
FNDA:0,ref
FNDA:0,ref
FNDA:0,(anonymous_6)
FNDA:0,(anonymous_7)
FNDA:0,login
FNDA:0,navToSignUp
FNDA:0,clear
DA:0,1
DA:1,1
DA:2,1
DA:4,1
DA:6,1
DA:7,0
DA:8,0
DA:9,0
DA:11,0
DA:13,0
DA:18,0
DA:19,0
DA:22,0
DA:23,0
DA:27,0
DA:31,0
DA:41,0
DA:44,0
DA:59,1
DA:65,1
DA:66,0
DA:68,0
DA:69,0
LF:23
LH:7
BRDA:0,1,0,0
BRDA:0,1,1,1
BRDA:0,2,0,1
BRDA:0,2,1,1
BRDA:14,3,0,0
BRDA:14,3,1,0
BRDA:15,4,0,0
BRDA:15,4,1,0
BRDA:18,5,0,0
BRDA:18,5,1,0
BRDA:22,6,0,0
BRDA:22,6,1,0
BRF:12
BRH:4
end_of_record
TN:
SF:D:\comp531\hw5\src\components\main\main.js
FN:0,_interopRequireDefault
FN:8,Main
FNF:2
FNH:1
FNDA:4,_interopRequireDefault
FNDA:0,Main
DA:0,4
DA:1,1
DA:2,1
DA:3,1
DA:4,1
DA:5,1
DA:6,1
DA:8,1
DA:10,0
DA:26,1
LF:10
LH:9
BRDA:0,1,0,3
BRDA:0,1,1,1
BRDA:0,2,0,4
BRDA:0,2,1,4
BRF:4
BRH:4
end_of_record
TN:
SF:D:\comp531\hw5\src\components\main\simpleprofile.js
FN:0,_interopRequireDefault
FN:5,SimpleProfile
FN:7,_updatehl
FN:17,ref
FN:42,(anonymous_5)
FN:46,(anonymous_6)
FN:46,updatehl
FNF:7
FNH:1
FNDA:2,_interopRequireDefault
FNDA:0,SimpleProfile
FNDA:0,_updatehl
FNDA:0,ref
FNDA:0,(anonymous_5)
FNDA:0,(anonymous_6)
FNDA:0,updatehl
DA:0,2
DA:1,1
DA:2,1
DA:3,1
DA:4,1
DA:5,1
DA:6,0
DA:7,0
DA:8,0
DA:11,0
DA:17,0
DA:27,0
DA:34,1
DA:41,1
DA:42,0
DA:46,0
LF:16
LH:8
BRDA:0,1,0,1
BRDA:0,1,1,1
BRDA:0,2,0,2
BRDA:0,2,1,2
BRDA:8,3,0,0
BRDA:8,3,1,0
BRF:6
BRH:4
end_of_record
TN:
SF:D:\comp531\hw5\src\components\main\following.js
FN:0,_interopRequireDefault
FN:4,Follower
FN:7,_addFollower
FN:24,(anonymous_4)
FN:39,onClick
FN:50,ref
FN:64,(anonymous_7)
FN:67,(anonymous_8)
FN:67,adFollower
FN:68,rmFollower
FNF:10
FNH:1
FNDA:1,_interopRequireDefault
FNDA:0,Follower
FNDA:0,_addFollower
FNDA:0,(anonymous_4)
FNDA:0,onClick
FNDA:0,ref
FNDA:0,(anonymous_7)
FNDA:0,(anonymous_8)
FNDA:0,adFollower
FNDA:0,rmFollower
DA:0,1
DA:1,1
DA:2,1
DA:3,1
DA:4,1
DA:5,0
DA:7,0
DA:8,0
DA:9,0
DA:12,0
DA:13,0
DA:16,0
DA:17,0
DA:21,0
DA:24,0
DA:26,0
DA:39,0
DA:48,0
DA:50,0
DA:57,1
DA:63,1
DA:64,0
DA:67,0
DA:68,0
LF:24
LH:7
BRDA:0,1,0,0
BRDA:0,1,1,1
BRDA:0,2,0,1
BRDA:0,2,1,1
BRDA:8,3,0,0
BRDA:8,3,1,0
BRDA:12,4,0,0
BRDA:12,4,1,0
BRDA:16,5,0,0
BRDA:16,5,1,0
BRF:10
BRH:4
end_of_record
TN:
SF:D:\comp531\hw5\src\components\article\article.js
FN:0,_interopRequireDefault
FN:7,Article
FNF:2
FNH:1
FNDA:4,_interopRequireDefault
FNDA:0,Article
DA:0,4
DA:1,1
DA:2,1
DA:3,1
DA:4,1
DA:5,1
DA:6,1
DA:7,1
DA:9,0
DA:17,1
LF:10
LH:9
BRDA:0,1,0,3
BRDA:0,1,1,1
BRDA:0,2,0,4
BRDA:0,2,1,4
BRF:4
BRH:4
end_of_record
TN:
SF:D:\comp531\hw5\src\components\article\articleView.js
FN:0,_interopRequireDefault
FN:9,ArticleView
FN:11,(anonymous_3)
FN:52,(anonymous_4)
FN:53,(anonymous_5)
FNF:5
FNH:3
FNDA:2,_interopRequireDefault
FNDA:1,ArticleView
FNDA:1,(anonymous_3)
FNDA:0,(anonymous_4)
FNDA:0,(anonymous_5)
DA:0,2
DA:2,1
DA:3,1
DA:4,1
DA:6,1
DA:8,1
DA:9,1
DA:11,1
DA:12,1
DA:14,1
DA:41,1
DA:47,1
DA:51,1
DA:52,0
DA:53,0
LF:15
LH:13
BRDA:0,1,0,0
BRDA:0,1,1,2
BRDA:0,2,0,2
BRDA:0,2,1,2
BRDA:17,3,0,1
BRDA:17,3,1,1
BRDA:24,4,0,1
BRDA:24,4,1,1
BRF:8
BRH:8
end_of_record
TN:
SF:D:\comp531\hw5\src\components\article\comment.js
FN:0,_interopRequireDefault
FN:3,Comment
FN:4,(anonymous_3)
FNF:3
FNH:2
FNDA:2,_interopRequireDefault
FNDA:1,Comment
FNDA:0,(anonymous_3)
DA:0,2
DA:1,1
DA:2,1
DA:3,1
DA:4,1
DA:5,0
DA:7,0
DA:26,1
LF:8
LH:6
BRDA:0,1,0,0
BRDA:0,1,1,2
BRDA:0,2,0,2
BRDA:0,2,1,2
BRF:4
BRH:4
end_of_record
TN:
SF:D:\comp531\hw5\src\components\article\newArticle.js
FN:0,_interopRequireDefault
FN:5,NewArticle
FN:7,_add
FN:17,ref
FN:35,(anonymous_5)
FN:36,(anonymous_6)
FN:37,addtext
FNF:7
FNH:4
FNDA:1,_interopRequireDefault
FNDA:1,NewArticle
FNDA:1,_add
FNDA:1,ref
FNDA:0,(anonymous_5)
FNDA:0,(anonymous_6)
FNDA:0,addtext
DA:0,1
DA:1,1
DA:2,1
DA:3,1
DA:5,1
DA:6,1
DA:7,1
DA:8,1
DA:14,1
DA:17,1
DA:30,1
DA:34,1
DA:35,0
DA:36,0
DA:37,0
LF:15
LH:12
BRDA:0,1,0,0
BRDA:0,1,1,1
BRDA:0,2,0,1
BRDA:0,2,1,1
BRF:4
BRH:4
end_of_record
TN:
SF:D:\comp531\hw5\src\components\article\searchbar.js
FN:0,_interopRequireDefault
FN:4,SearchBar
FN:6,_filter
FN:14,ref
FN:23,(anonymous_5)
FN:24,(anonymous_6)
FN:25,filter
FNF:7
FNH:1
FNDA:1,_interopRequireDefault
FNDA:0,SearchBar
FNDA:0,_filter
FNDA:0,ref
FNDA:0,(anonymous_5)
FNDA:0,(anonymous_6)
FNDA:0,filter
DA:0,1
DA:1,1
DA:2,1
DA:3,1
DA:4,1
DA:5,0
DA:6,0
DA:7,0
DA:8,0
DA:13,0
DA:14,0
DA:19,1
DA:22,1
DA:23,0
DA:24,0
DA:25,0
LF:16
LH:7
BRDA:0,1,0,0
BRDA:0,1,1,1
BRDA:0,2,0,1
BRDA:0,2,1,1
BRDA:7,3,0,0
BRDA:7,3,1,0
BRF:6
BRH:4
end_of_record
TN:
SF:D:\comp531\hw5\src\components\main\nav.js
FN:0,_interopRequireDefault
FN:5,Nav
FN:40,(anonymous_3)
FN:41,(anonymous_4)
FN:41,logout
FN:42,profile
FN:43,main
FNF:7
FNH:1
FNDA:1,_interopRequireDefault
FNDA:0,Nav
FNDA:0,(anonymous_3)
FNDA:0,(anonymous_4)
FNDA:0,logout
FNDA:0,profile
FNDA:0,main
DA:0,1
DA:1,1
DA:2,1
DA:3,1
DA:5,1
DA:6,0
DA:7,0
DA:8,0
DA:9,0
DA:10,0
DA:14,0
DA:32,1
DA:39,1
DA:40,0
DA:41,0
DA:42,0
DA:43,0
LF:17
LH:7
BRDA:0,1,0,0
BRDA:0,1,1,1
BRDA:0,2,0,1
BRDA:0,2,1,1
BRDA:7,3,0,0
BRDA:7,3,1,0
BRDA:9,4,0,0
BRDA:9,4,1,0
BRF:8
BRH:4
end_of_record
TN:
SF:D:\comp531\hw5\src\components\profile\profile.js
FN:0,_interopRequireDefault
FN:7,Profile
FNF:2
FNH:1
FNDA:3,_interopRequireDefault
FNDA:0,Profile
DA:0,3
DA:1,1
DA:2,1
DA:3,1
DA:4,1
DA:5,1
DA:7,1
DA:9,0
DA:22,1
LF:9
LH:8
BRDA:0,1,0,2
BRDA:0,1,1,1
BRDA:0,2,0,3
BRDA:0,2,1,3
BRF:4
BRH:4
end_of_record
TN:
SF:D:\comp531\hw5\src\components\profile\profileForm.js
FN:0,_interopRequireDefault
FN:6,ProfileForm
FN:16,_update
FN:52,ref
FN:53,ref
FN:54,ref
FN:55,ref
FN:56,ref
FN:57,ref
FN:58,ref
FN:73,(anonymous_11)
FN:82,(anonymous_12)
FN:82,clear
FN:83,update
FNF:14
FNH:1
FNDA:2,_interopRequireDefault
FNDA:0,ProfileForm
FNDA:0,_update
FNDA:0,ref
FNDA:0,ref
FNDA:0,ref
FNDA:0,ref
FNDA:0,ref
FNDA:0,ref
FNDA:0,ref
FNDA:0,(anonymous_11)
FNDA:0,(anonymous_12)
FNDA:0,clear
FNDA:0,update
DA:0,2
DA:1,1
DA:2,1
DA:3,1
DA:5,1
DA:6,1
DA:7,0
DA:8,0
DA:9,0
DA:10,0
DA:11,0
DA:12,0
DA:13,0
DA:14,0
DA:15,0
DA:16,0
DA:18,0
DA:28,0
DA:29,0
DA:32,0
DA:33,0
DA:37,0
DA:42,0
DA:52,0
DA:53,0
DA:54,0
DA:55,0
DA:56,0
DA:57,0
DA:58,0
DA:65,1
DA:72,1
DA:73,0
DA:82,0
DA:83,0
LF:35
LH:8
BRDA:0,1,0,1
BRDA:0,1,1,1
BRDA:0,2,0,2
BRDA:0,2,1,2
BRDA:19,3,0,0
BRDA:19,3,1,0
BRDA:20,4,0,0
BRDA:20,4,1,0
BRDA:21,5,0,0
BRDA:21,5,1,0
BRDA:22,6,0,0
BRDA:22,6,1,0
BRDA:23,7,0,0
BRDA:23,7,1,0
BRDA:28,8,0,0
BRDA:28,8,1,0
BRDA:32,9,0,0
BRDA:32,9,1,0
BRF:18
BRH:4
end_of_record
TN:
SF:D:\comp531\hw5\src\components\profile\avatar.js
FN:0,_interopRequireDefault
FN:4,Avatar
FN:17,(anonymous_3)
FNF:3
FNH:1
FNDA:1,_interopRequireDefault
FNDA:0,Avatar
FNDA:0,(anonymous_3)
DA:0,1
DA:1,1
DA:2,1
DA:4,1
DA:6,0
DA:12,1
DA:16,1
DA:17,0
LF:8
LH:6
BRDA:0,1,0,0
BRDA:0,1,1,1
BRDA:0,2,0,1
BRDA:0,2,1,1
BRF:4
BRH:4
end_of_record
TN:
SF:D:\comp531\hw5\src\components\article\articleActions.spec.js
FN:0,_interopRequireDefault
FN:5,(anonymous_2)
FN:7,(anonymous_3)
FN:17,(anonymous_4)
FN:25,(anonymous_5)
FN:45,(anonymous_6)
FN:65,(anonymous_7)
FNF:7
FNH:7
FNDA:2,_interopRequireDefault
FNDA:1,(anonymous_2)
FNDA:2,(anonymous_3)
FNDA:2,(anonymous_4)
FNDA:1,(anonymous_5)
FNDA:1,(anonymous_6)
FNDA:1,(anonymous_7)
DA:0,2
DA:1,1
DA:2,1
DA:3,1
DA:5,1
DA:6,1
DA:7,1
DA:8,2
DA:9,0
DA:10,0
DA:11,0
DA:13,2
DA:14,2
DA:17,1
DA:18,2
DA:19,0
DA:20,0
DA:25,1
DA:26,1
DA:28,1
DA:45,1
DA:46,1
DA:65,1
DA:66,1
DA:67,1
LF:25
LH:20
BRDA:0,1,0,0
BRDA:0,1,1,2
BRDA:0,2,0,2
BRDA:0,2,1,2
BRDA:8,3,0,0
BRDA:8,3,1,2
BRDA:18,4,0,0
BRDA:18,4,1,2
BRF:8
BRH:6
end_of_record
TN:
SF:D:\comp531\hw5\src\components\article\articlesView.spec.js
FN:0,_interopRequireDefault
FN:18,(anonymous_2)
FN:20,(anonymous_3)
FN:30,(anonymous_4)
FN:32,addtext
FNF:5
FNH:5
FNDA:2,_interopRequireDefault
FNDA:1,(anonymous_2)
FNDA:1,(anonymous_3)
FNDA:1,(anonymous_4)
FNDA:1,addtext
DA:0,2
DA:1,1
DA:2,1
DA:3,1
DA:4,1
DA:5,1
DA:6,1
DA:8,1
DA:16,1
DA:18,1
DA:20,1
DA:21,1
DA:26,1
DA:27,1
DA:30,1
DA:31,1
DA:32,1
DA:33,1
DA:34,1
DA:35,1
DA:36,1
LF:21
LH:21
BRDA:0,1,0,0
BRDA:0,1,1,2
BRDA:0,2,0,2
BRDA:0,2,1,2
BRF:4
BRH:4
end_of_record
TN:
SF:D:\comp531\hw5\src\components\auth\authActions.spec.js
FN:0,_interopRequireDefault
FN:6,(anonymous_2)
FN:8,(anonymous_3)
FN:18,(anonymous_4)
FN:25,(anonymous_5)
FN:38,(anonymous_6)
FN:49,(anonymous_7)
FN:62,(anonymous_8)
FN:72,(anonymous_9)
FN:77,(anonymous_10)
FNF:10
FNH:7
FNDA:2,_interopRequireDefault
FNDA:1,(anonymous_2)
FNDA:3,(anonymous_3)
FNDA:3,(anonymous_4)
FNDA:1,(anonymous_5)
FNDA:0,(anonymous_6)
FNDA:1,(anonymous_7)
FNDA:0,(anonymous_8)
FNDA:1,(anonymous_9)
FNDA:0,(anonymous_10)
DA:0,2
DA:1,1
DA:2,1
DA:3,1
DA:6,1
DA:7,1
DA:8,1
DA:9,3
DA:10,0
DA:11,0
DA:12,0
DA:14,3
DA:15,3
DA:18,1
DA:19,3
DA:20,0
DA:21,0
DA:25,1
DA:27,1
DA:28,1
DA:30,1
DA:37,1
DA:39,0
DA:49,1
DA:51,1
DA:52,1
DA:54,1
DA:61,1
DA:63,0
DA:72,1
DA:73,1
DA:77,1
DA:78,0
LF:33
LH:25
BRDA:0,1,0,0
BRDA:0,1,1,2
BRDA:0,2,0,2
BRDA:0,2,1,2
BRDA:9,3,0,0
BRDA:9,3,1,3
BRDA:19,4,0,0
BRDA:19,4,1,3
BRF:8
BRH:6
end_of_record
TN:
SF:D:\comp531\hw5\src\components\profile\profileActions.spec.js
FN:0,_interopRequireDefault
FN:5,(anonymous_2)
FN:7,(anonymous_3)
FN:18,(anonymous_4)
FN:25,(anonymous_5)
FN:58,(anonymous_6)
FN:72,(anonymous_7)
FN:81,(anonymous_8)
FNF:8
FNH:6
FNDA:2,_interopRequireDefault
FNDA:1,(anonymous_2)
FNDA:2,(anonymous_3)
FNDA:2,(anonymous_4)
FNDA:1,(anonymous_5)
FNDA:0,(anonymous_6)
FNDA:1,(anonymous_7)
FNDA:0,(anonymous_8)
DA:0,2
DA:1,1
DA:2,1
DA:3,1
DA:5,1
DA:6,1
DA:7,1
DA:8,2
DA:9,0
DA:10,0
DA:11,0
DA:13,2
DA:14,2
DA:15,2
DA:18,1
DA:19,2
DA:20,0
DA:21,0
DA:25,1
DA:27,1
DA:33,1
DA:39,1
DA:45,1
DA:51,1
DA:57,1
DA:59,0
DA:72,1
DA:73,1
DA:75,1
DA:81,1
DA:82,0
LF:31
LH:24
BRDA:0,1,0,0
BRDA:0,1,1,2
BRDA:0,2,0,2
BRDA:0,2,1,2
BRDA:8,3,0,0
BRDA:8,3,1,2
BRDA:19,4,0,0
BRDA:19,4,1,2
BRF:8
BRH:6
end_of_record
TN:
SF:D:\comp531\hw5\src\reducers.js
FN:0,(anonymous_1)
FN:0,_interopRequireWildcard
FN:0,_toConsumableArray
FN:3,Reducer
FN:39,(anonymous_5)
FN:50,(anonymous_6)
FN:51,(anonymous_7)
FN:52,(anonymous_8)
FNF:8
FNH:4
FNDA:0,(anonymous_1)
FNDA:1,_interopRequireWildcard
FNDA:2,_toConsumableArray
FNDA:6,Reducer
FNDA:0,(anonymous_5)
FNDA:0,(anonymous_6)
FNDA:0,(anonymous_7)
FNDA:0,(anonymous_8)
DA:0,2
DA:1,1
DA:3,6
DA:18,6
DA:19,6
DA:21,0
DA:23,0
DA:25,0
DA:27,0
DA:29,0
DA:31,0
DA:33,1
DA:35,1
DA:37,0
DA:39,2
DA:41,0
DA:44,0
DA:50,0
DA:51,0
DA:52,0
DA:55,0
DA:57,1
DA:59,0
DA:61,0
DA:63,0
DA:65,1
DA:69,1
LF:27
LH:11
BRDA:0,1,0,1
BRDA:0,1,1,0
BRDA:0,2,0,0
BRDA:0,2,1,0
BRDA:0,3,0,1
BRDA:0,3,1,0
BRDA:0,4,0,1
BRDA:0,4,1,1
BRDA:0,5,0,0
BRDA:0,5,1,0
BRDA:0,6,0,0
BRDA:0,6,1,0
BRDA:0,7,0,2
BRDA:0,7,1,0
BRDA:3,8,0,0
BRDA:3,8,1,6
BRDA:3,9,0,6
BRDA:3,9,1,6
BRDA:20,10,0,0
BRDA:20,10,1,0
BRDA:20,10,2,0
BRDA:20,10,3,0
BRDA:20,10,4,0
BRDA:20,10,5,0
BRDA:20,10,6,1
BRDA:20,10,7,1
BRDA:20,10,8,0
BRDA:20,10,9,2
BRDA:20,10,10,0
BRDA:20,10,11,0
BRDA:20,10,12,0
BRDA:20,10,13,0
BRDA:20,10,14,1
BRDA:20,10,15,0
BRDA:20,10,16,0
BRDA:20,10,17,0
BRDA:20,10,18,1
BRDA:39,11,0,2
BRDA:39,11,1,0
BRDA:39,12,0,0
BRDA:39,12,1,0
BRF:41
BRH:23
end_of_record
TN:
SF:D:\comp531\hw5\src\reducers.spec.js
FN:0,(anonymous_1)
FN:0,_interopRequireWildcard
FN:0,_interopRequireDefault
FN:33,(anonymous_4)
FN:34,(anonymous_5)
FN:38,(anonymous_6)
FN:44,(anonymous_7)
FN:50,(anonymous_8)
FN:56,(anonymous_9)
FN:58,(anonymous_10)
FN:64,(anonymous_11)
FNF:11
FNH:11
FNDA:0,(anonymous_1)
FNDA:1,_interopRequireWildcard
FNDA:3,_interopRequireDefault
FNDA:1,(anonymous_4)
FNDA:1,(anonymous_5)
FNDA:1,(anonymous_6)
FNDA:1,(anonymous_7)
FNDA:1,(anonymous_8)
FNDA:1,(anonymous_9)
FNDA:1,(anonymous_10)
FNDA:1,(anonymous_11)
DA:0,3
DA:1,1
DA:2,1
DA:3,1
DA:4,1
DA:5,1
DA:7,1
DA:24,1
DA:33,1
DA:34,1
DA:35,1
DA:38,1
DA:39,1
DA:40,1
DA:44,1
DA:45,1
DA:46,1
DA:50,1
DA:52,1
DA:56,1
DA:57,1
DA:59,1
DA:64,1
DA:65,1
LF:24
LH:24
BRDA:0,1,0,1
BRDA:0,1,1,0
BRDA:0,2,0,0
BRDA:0,2,1,0
BRDA:0,3,0,1
BRDA:0,3,1,0
BRDA:0,4,0,1
BRDA:0,4,1,1
BRDA:0,5,0,0
BRDA:0,5,1,0
BRDA:0,6,0,0
BRDA:0,6,1,0
BRDA:0,7,0,1
BRDA:0,7,1,2
BRDA:0,8,0,3
BRDA:0,8,1,3
BRF:16
BRH:16
end_of_record
