<?xml version="1.0"?>
<testsuite name="Chrome 56.0.2924 (Windows 10 0.0.0)" package="" timestamp="2017-03-24T03:10:05" id="0" hostname="DESKTOP-UHTPC4D" tests="21" errors="0" failures="0" time="0.024">
  <properties>
    <property name="browser.fullName" value="Mozilla/5.0 (Windows NT 10.0; Win64; x64) AppleWebKit/537.36 (KHTML, like Gecko) Chrome/56.0.2924.87 Safari/537.36"/>
  </properties>
  <testcase name="Validate actions (these are functions that dispatch actions) resource should be a resource (i.e., mock a request)" time="0.002" classname="Chrome_56_0_2924_(Windows_10_0_0_0).Validate actions (these are functions that dispatch actions)"/>
  <testcase name="Validate actions (these are functions that dispatch actions) resource should give me the http error" time="0" classname="Chrome_56_0_2924_(Windows_10_0_0_0).Validate actions (these are functions that dispatch actions)"/>
  <testcase name="Validate actions (these are functions that dispatch actions) resource should be POSTable" time="0" classname="Chrome_56_0_2924_(Windows_10_0_0_0).Validate actions (these are functions that dispatch actions)"/>
  <testcase name="Validate actions (these are functions that dispatch actions) should update error message (for displaying error mesage to user)" time="0" classname="Chrome_56_0_2924_(Windows_10_0_0_0).Validate actions (these are functions that dispatch actions)"/>
  <testcase name="Validate actions (these are functions that dispatch actions) should update success message (for displaying success message to user)" time="0" classname="Chrome_56_0_2924_(Windows_10_0_0_0).Validate actions (these are functions that dispatch actions)"/>
  <testcase name="Validate actions (these are functions that dispatch actions) should navigate (to profile, main, or landing)" time="0" classname="Chrome_56_0_2924_(Windows_10_0_0_0).Validate actions (these are functions that dispatch actions)"/>
  <testcase name="Validate Article actions should fetch articles (mocked request)" time="0" classname="Chrome_56_0_2924_(Windows_10_0_0_0).Validate Article actions"/>
  <testcase name="Validate Article actions should update the search keyword" time="0" classname="Chrome_56_0_2924_(Windows_10_0_0_0).Validate Article actions"/>
  <testcase name="ArticlesView (component tests) should render articles" time="0.016" classname="Chrome_56_0_2924_(Windows_10_0_0_0).ArticlesView (component tests)"/>
  <testcase name="ArticlesView (component tests) should dispatch actions to create a new article" time="0.003" classname="Chrome_56_0_2924_(Windows_10_0_0_0).ArticlesView (component tests)"/>
  <testcase name="Validate Authenticate Actions should log in a user" time="0" classname="Chrome_56_0_2924_(Windows_10_0_0_0).Validate Authenticate Actions"/>
  <testcase name="Validate Authenticate Actions should not log in an invalid user" time="0" classname="Chrome_56_0_2924_(Windows_10_0_0_0).Validate Authenticate Actions"/>
  <testcase name="Validate Authenticate Actions should log out a user (state should be cleared)" time="0" classname="Chrome_56_0_2924_(Windows_10_0_0_0).Validate Authenticate Actions"/>
  <testcase name="Validate Profile actions should fetch the user profile information" time="0.001" classname="Chrome_56_0_2924_(Windows_10_0_0_0).Validate Profile actions"/>
  <testcase name="Validate Profile actions should update headline" time="0" classname="Chrome_56_0_2924_(Windows_10_0_0_0).Validate Profile actions"/>
  <testcase name="Validate reducer (no fetch requests here) should return the initial state" time="0.001" classname="Chrome_56_0_2924_(Windows_10_0_0_0).Validate reducer (no fetch requests here)"/>
  <testcase name="Validate reducer (no fetch requests here) should state success (for displaying success message to user)" time="0" classname="Chrome_56_0_2924_(Windows_10_0_0_0).Validate reducer (no fetch requests here)"/>
  <testcase name="Validate reducer (no fetch requests here) should state error (for displaying error message to user)" time="0" classname="Chrome_56_0_2924_(Windows_10_0_0_0).Validate reducer (no fetch requests here)"/>
  <testcase name="Validate reducer (no fetch requests here) should set the articles" time="0" classname="Chrome_56_0_2924_(Windows_10_0_0_0).Validate reducer (no fetch requests here)"/>
  <testcase name="Validate reducer (no fetch requests here) should set the search keyword" time="0.001" classname="Chrome_56_0_2924_(Windows_10_0_0_0).Validate reducer (no fetch requests here)"/>
  <testcase name="Validate reducer (no fetch requests here) should filter displayed articles by the search keyword" time="0" classname="Chrome_56_0_2924_(Windows_10_0_0_0).Validate reducer (no fetch requests here)"/>
  <system-out>
    <![CDATA[
]]>
  </system-out>
  <system-err/>
</testsuite>