
> starter@1.0.0 e2e:base D:\comp531\hw6-frontend
> mocha --opts e2e/mocha.opts e2e/*.spec.js "--reporter" "xunit"

<testsuite name="Mocha Tests" tests="12" failures="0" errors="0" skipped="0" timestamp="Thu, 06 Apr 2017 03:54:26 GMT" time="37.121">
<testcase classname="Test Landing Page" name="should login as test user" time="6.044"/>
<testcase classname="Test Landing Page" name="should register as a new user" time="5.414"/>
<testcase classname="Test Main Page" name="Create new article and validate article appears in feed" time="2.297"/>
<testcase classname="Test Main Page" name="Edit an article and validate the article text has updated" time="1.736"/>
<testcase classname="Test Main Page" name="Update the headline and verify the change" time="1.742"/>
<testcase classname="Test Main Page" name="Remove the Follower user and verify following count decreases by one" time="1.609"/>
<testcase classname="Test Main Page" name="Add the 'Follower' user and verify following count increases by one" time="2.705"/>
<testcase classname="Test Main Page" name="Search for special &amp;quot" time="2.093"/>
<testcase classname="Test Profile Page" name="Update user email and verify" time="2.876"/>
<testcase classname="Test Profile Page" name="Update user zipcode and verify" time="2.624"/>
<testcase classname="Test Profile Page" name="Update user password and verify" time="1.755"/>
<testcase classname="shutdown" name="now" time="0.122"/>
</testsuite>
